<?xml version="1.0" encoding="UTF-8"?>
<!-- Generated by org.testng.reporters.JUnitReportReporter -->
<testsuite hostname="CSCO-W-PF2S3RFA" failures="0" tests="1" name="RestAPI.GetRequest" time="2.385" errors="0" timestamp="28 Dec 2021 07:31:55 GMT" skipped="0">
  <testcase classname="RestAPI.GetRequest" name="GetCall" time="2.385"/>
</testsuite> <!-- RestAPI.GetRequest -->
