<?xml version="1.0" encoding="UTF-8"?>
<!-- Generated by org.testng.reporters.JUnitReportReporter -->
<testsuite hostname="CSCO-W-PF2S3RFA" failures="0" tests="1" name="RestAPI.PostRequest" time="0.429" errors="0" timestamp="28 Dec 2021 07:31:55 GMT" skipped="0">
  <testcase classname="RestAPI.PostRequest" name="PostCall" time="0.429"/>
</testsuite> <!-- RestAPI.PostRequest -->
